
> server@1.0.0 start:proto
> cross-env STATIC=../proto/public npm run start


> server@1.0.0 start
> npm run build && npm run start:node


> server@1.0.0 build
> npx etsc

Using default config
Built in: 78.445ms

> server@1.0.0 start:node
> node dist/index.js

Connecting to MongoDB at mongodb+srv://shayan:<password>@bookboard.sdcsj.mongodb.net/BookBoardDB
Server running at http://localhost:3000
Connected to MongoDB at BookBoardDB
[0;36mMongoose:[0m books.find({ _id: ObjectId("6726d8594c1f1785b3cc1e89") }, {})
[0;36mMongoose:[0m years.find({ _id: { [32m'$in'[39m: [ ObjectId("6726d9924c1f1785b3cc1e97") ], [[32mSymbol(mongoose#trustedSymbol)[39m]: [33mtrue[39m }}, { skip: [90mundefined[39m, limit: [90mundefined[39m, perDocumentLimit: [90mundefined[39m })
[0;36mMongoose:[0m genres.find({ _id: { [32m'$in'[39m: [ ObjectId("6726d9414c1f1785b3cc1e94"), ObjectId("6728a77bbe36e4bfcfbfdac7") ], [[32mSymbol(mongoose#trustedSymbol)[39m]: [33mtrue[39m }}, { skip: [90mundefined[39m, limit: [90mundefined[39m, perDocumentLimit: [90mundefined[39m })
[0;36mMongoose:[0m authors.find({ _id: { [32m'$in'[39m: [ ObjectId("6726d9014c1f1785b3cc1e91") ], [[32mSymbol(mongoose#trustedSymbol)[39m]: [33mtrue[39m }}, { skip: [90mundefined[39m, limit: [90mundefined[39m, perDocumentLimit: [90mundefined[39m })
[0;36mMongoose:[0m books.find({ _id: ObjectId("6726d8594c1f1785b3cc1e89") }, {})
[0;36mMongoose:[0m books.find({ _id: ObjectId("6726d8594c1f1785b3cc1e89") }, {})
[0;36mMongoose:[0m years.find({ _id: { [32m'$in'[39m: [ ObjectId("6726d9924c1f1785b3cc1e97") ], [[32mSymbol(mongoose#trustedSymbol)[39m]: [33mtrue[39m }}, { skip: [90mundefined[39m, limit: [90mundefined[39m, perDocumentLimit: [90mundefined[39m })
[0;36mMongoose:[0m genres.find({ _id: { [32m'$in'[39m: [ ObjectId("6726d9414c1f1785b3cc1e94"), ObjectId("6728a77bbe36e4bfcfbfdac7") ], [[32mSymbol(mongoose#trustedSymbol)[39m]: [33mtrue[39m }}, { skip: [90mundefined[39m, limit: [90mundefined[39m, perDocumentLimit: [90mundefined[39m })
[0;36mMongoose:[0m authors.find({ _id: { [32m'$in'[39m: [ ObjectId("6726d9014c1f1785b3cc1e91") ], [[32mSymbol(mongoose#trustedSymbol)[39m]: [33mtrue[39m }}, { skip: [90mundefined[39m, limit: [90mundefined[39m, perDocumentLimit: [90mundefined[39m })
[0;36mMongoose:[0m years.find({ _id: { [32m'$in'[39m: [ ObjectId("6726d9924c1f1785b3cc1e97") ], [[32mSymbol(mongoose#trustedSymbol)[39m]: [33mtrue[39m }}, { skip: [90mundefined[39m, limit: [90mundefined[39m, perDocumentLimit: [90mundefined[39m })
[0;36mMongoose:[0m genres.find({ _id: { [32m'$in'[39m: [ ObjectId("6726d9414c1f1785b3cc1e94"), ObjectId("6728a77bbe36e4bfcfbfdac7") ], [[32mSymbol(mongoose#trustedSymbol)[39m]: [33mtrue[39m }}, { skip: [90mundefined[39m, limit: [90mundefined[39m, perDocumentLimit: [90mundefined[39m })
[0;36mMongoose:[0m authors.find({ _id: { [32m'$in'[39m: [ ObjectId("6726d9014c1f1785b3cc1e91") ], [[32mSymbol(mongoose#trustedSymbol)[39m]: [33mtrue[39m }}, { skip: [90mundefined[39m, limit: [90mundefined[39m, perDocumentLimit: [90mundefined[39m })
[0;36mMongoose:[0m books.find({ _id: ObjectId("6726d8594c1f1785b3cc1e89") }, {})
[0;36mMongoose:[0m years.find({ _id: { [32m'$in'[39m: [ ObjectId("6726d9924c1f1785b3cc1e97") ], [[32mSymbol(mongoose#trustedSymbol)[39m]: [33mtrue[39m }}, { skip: [90mundefined[39m, limit: [90mundefined[39m, perDocumentLimit: [90mundefined[39m })
[0;36mMongoose:[0m genres.find({ _id: { [32m'$in'[39m: [ ObjectId("6726d9414c1f1785b3cc1e94"), ObjectId("6728a77bbe36e4bfcfbfdac7") ], [[32mSymbol(mongoose#trustedSymbol)[39m]: [33mtrue[39m }}, { skip: [90mundefined[39m, limit: [90mundefined[39m, perDocumentLimit: [90mundefined[39m })
[0;36mMongoose:[0m authors.find({ _id: { [32m'$in'[39m: [ ObjectId("6726d9014c1f1785b3cc1e91") ], [[32mSymbol(mongoose#trustedSymbol)[39m]: [33mtrue[39m }}, { skip: [90mundefined[39m, limit: [90mundefined[39m, perDocumentLimit: [90mundefined[39m })
[0;36mMongoose:[0m books.find({ _id: ObjectId("6726d8594c1f1785b3cc1e89") }, {})
[0;36mMongoose:[0m years.find({ _id: { [32m'$in'[39m: [ ObjectId("6726d9924c1f1785b3cc1e97") ], [[32mSymbol(mongoose#trustedSymbol)[39m]: [33mtrue[39m }}, { skip: [90mundefined[39m, limit: [90mundefined[39m, perDocumentLimit: [90mundefined[39m })
[0;36mMongoose:[0m genres.find({ _id: { [32m'$in'[39m: [ ObjectId("6726d9414c1f1785b3cc1e94"), ObjectId("6728a77bbe36e4bfcfbfdac7") ], [[32mSymbol(mongoose#trustedSymbol)[39m]: [33mtrue[39m }}, { skip: [90mundefined[39m, limit: [90mundefined[39m, perDocumentLimit: [90mundefined[39m })
[0;36mMongoose:[0m authors.find({ _id: { [32m'$in'[39m: [ ObjectId("6726d9014c1f1785b3cc1e91") ], [[32mSymbol(mongoose#trustedSymbol)[39m]: [33mtrue[39m }}, { skip: [90mundefined[39m, limit: [90mundefined[39m, perDocumentLimit: [90mundefined[39m })
[0;36mMongoose:[0m books.find({ _id: ObjectId("6726d8594c1f1785b3cc1e89") }, {})
[0;36mMongoose:[0m books.find({ _id: ObjectId("6726d8594c1f1785b3cc1e89") }, {})
[0;36mMongoose:[0m years.find({ _id: { [32m'$in'[39m: [ ObjectId("6726d9924c1f1785b3cc1e97") ], [[32mSymbol(mongoose#trustedSymbol)[39m]: [33mtrue[39m }}, { skip: [90mundefined[39m, limit: [90mundefined[39m, perDocumentLimit: [90mundefined[39m })
[0;36mMongoose:[0m genres.find({ _id: { [32m'$in'[39m: [ ObjectId("6726d9414c1f1785b3cc1e94"), ObjectId("6728a77bbe36e4bfcfbfdac7") ], [[32mSymbol(mongoose#trustedSymbol)[39m]: [33mtrue[39m }}, { skip: [90mundefined[39m, limit: [90mundefined[39m, perDocumentLimit: [90mundefined[39m })
[0;36mMongoose:[0m authors.find({ _id: { [32m'$in'[39m: [ ObjectId("6726d9014c1f1785b3cc1e91") ], [[32mSymbol(mongoose#trustedSymbol)[39m]: [33mtrue[39m }}, { skip: [90mundefined[39m, limit: [90mundefined[39m, perDocumentLimit: [90mundefined[39m })
[0;36mMongoose:[0m books.find({ _id: ObjectId("6726d8594c1f1785b3cc1e89") }, {})
[0;36mMongoose:[0m years.find({ _id: { [32m'$in'[39m: [ ObjectId("6726d9924c1f1785b3cc1e97") ], [[32mSymbol(mongoose#trustedSymbol)[39m]: [33mtrue[39m }}, { skip: [90mundefined[39m, limit: [90mundefined[39m, perDocumentLimit: [90mundefined[39m })
[0;36mMongoose:[0m genres.find({ _id: { [32m'$in'[39m: [ ObjectId("6726d9414c1f1785b3cc1e94"), ObjectId("6728a77bbe36e4bfcfbfdac7") ], [[32mSymbol(mongoose#trustedSymbol)[39m]: [33mtrue[39m }}, { skip: [90mundefined[39m, limit: [90mundefined[39m, perDocumentLimit: [90mundefined[39m })
[0;36mMongoose:[0m authors.find({ _id: { [32m'$in'[39m: [ ObjectId("6726d9014c1f1785b3cc1e91") ], [[32mSymbol(mongoose#trustedSymbol)[39m]: [33mtrue[39m }}, { skip: [90mundefined[39m, limit: [90mundefined[39m, perDocumentLimit: [90mundefined[39m })
[0;36mMongoose:[0m years.find({ _id: { [32m'$in'[39m: [ ObjectId("6726d9924c1f1785b3cc1e97") ], [[32mSymbol(mongoose#trustedSymbol)[39m]: [33mtrue[39m }}, { skip: [90mundefined[39m, limit: [90mundefined[39m, perDocumentLimit: [90mundefined[39m })
[0;36mMongoose:[0m genres.find({ _id: { [32m'$in'[39m: [ ObjectId("6726d9414c1f1785b3cc1e94"), ObjectId("6728a77bbe36e4bfcfbfdac7") ], [[32mSymbol(mongoose#trustedSymbol)[39m]: [33mtrue[39m }}, { skip: [90mundefined[39m, limit: [90mundefined[39m, perDocumentLimit: [90mundefined[39m })
[0;36mMongoose:[0m authors.find({ _id: { [32m'$in'[39m: [ ObjectId("6726d9014c1f1785b3cc1e91") ], [[32mSymbol(mongoose#trustedSymbol)[39m]: [33mtrue[39m }}, { skip: [90mundefined[39m, limit: [90mundefined[39m, perDocumentLimit: [90mundefined[39m })
[0;36mMongoose:[0m books.find({ _id: ObjectId("6726d8594c1f1785b3cc1e89") }, {})
[0;36mMongoose:[0m years.find({ _id: { [32m'$in'[39m: [ ObjectId("6726d9924c1f1785b3cc1e97") ], [[32mSymbol(mongoose#trustedSymbol)[39m]: [33mtrue[39m }}, { skip: [90mundefined[39m, limit: [90mundefined[39m, perDocumentLimit: [90mundefined[39m })
[0;36mMongoose:[0m genres.find({ _id: { [32m'$in'[39m: [ ObjectId("6726d9414c1f1785b3cc1e94"), ObjectId("6728a77bbe36e4bfcfbfdac7") ], [[32mSymbol(mongoose#trustedSymbol)[39m]: [33mtrue[39m }}, { skip: [90mundefined[39m, limit: [90mundefined[39m, perDocumentLimit: [90mundefined[39m })
[0;36mMongoose:[0m authors.find({ _id: { [32m'$in'[39m: [ ObjectId("6726d9014c1f1785b3cc1e91") ], [[32mSymbol(mongoose#trustedSymbol)[39m]: [33mtrue[39m }}, { skip: [90mundefined[39m, limit: [90mundefined[39m, perDocumentLimit: [90mundefined[39m })
[0;36mMongoose:[0m books.find({ _id: ObjectId("6726d8594c1f1785b3cc1e89") }, {})
[0;36mMongoose:[0m books.find({ _id: ObjectId("6726d8594c1f1785b3cc1e89") }, {})
[0;36mMongoose:[0m books.find({ _id: ObjectId("6726d8594c1f1785b3cc1e89") }, {})
[0;36mMongoose:[0m years.find({ _id: { [32m'$in'[39m: [ ObjectId("6726d9924c1f1785b3cc1e97") ], [[32mSymbol(mongoose#trustedSymbol)[39m]: [33mtrue[39m }}, { skip: [90mundefined[39m, limit: [90mundefined[39m, perDocumentLimit: [90mundefined[39m })
[0;36mMongoose:[0m genres.find({ _id: { [32m'$in'[39m: [ ObjectId("6726d9414c1f1785b3cc1e94"), ObjectId("6728a77bbe36e4bfcfbfdac7") ], [[32mSymbol(mongoose#trustedSymbol)[39m]: [33mtrue[39m }}, { skip: [90mundefined[39m, limit: [90mundefined[39m, perDocumentLimit: [90mundefined[39m })
[0;36mMongoose:[0m authors.find({ _id: { [32m'$in'[39m: [ ObjectId("6726d9014c1f1785b3cc1e91") ], [[32mSymbol(mongoose#trustedSymbol)[39m]: [33mtrue[39m }}, { skip: [90mundefined[39m, limit: [90mundefined[39m, perDocumentLimit: [90mundefined[39m })
[0;36mMongoose:[0m years.find({ _id: { [32m'$in'[39m: [ ObjectId("6726d9924c1f1785b3cc1e97") ], [[32mSymbol(mongoose#trustedSymbol)[39m]: [33mtrue[39m }}, { skip: [90mundefined[39m, limit: [90mundefined[39m, perDocumentLimit: [90mundefined[39m })
[0;36mMongoose:[0m genres.find({ _id: { [32m'$in'[39m: [ ObjectId("6726d9414c1f1785b3cc1e94"), ObjectId("6728a77bbe36e4bfcfbfdac7") ], [[32mSymbol(mongoose#trustedSymbol)[39m]: [33mtrue[39m }}, { skip: [90mundefined[39m, limit: [90mundefined[39m, perDocumentLimit: [90mundefined[39m })
[0;36mMongoose:[0m authors.find({ _id: { [32m'$in'[39m: [ ObjectId("6726d9014c1f1785b3cc1e91") ], [[32mSymbol(mongoose#trustedSymbol)[39m]: [33mtrue[39m }}, { skip: [90mundefined[39m, limit: [90mundefined[39m, perDocumentLimit: [90mundefined[39m })
[0;36mMongoose:[0m years.find({ _id: { [32m'$in'[39m: [ ObjectId("6726d9924c1f1785b3cc1e97") ], [[32mSymbol(mongoose#trustedSymbol)[39m]: [33mtrue[39m }}, { skip: [90mundefined[39m, limit: [90mundefined[39m, perDocumentLimit: [90mundefined[39m })
[0;36mMongoose:[0m genres.find({ _id: { [32m'$in'[39m: [ ObjectId("6726d9414c1f1785b3cc1e94"), ObjectId("6728a77bbe36e4bfcfbfdac7") ], [[32mSymbol(mongoose#trustedSymbol)[39m]: [33mtrue[39m }}, { skip: [90mundefined[39m, limit: [90mundefined[39m, perDocumentLimit: [90mundefined[39m })
[0;36mMongoose:[0m authors.find({ _id: { [32m'$in'[39m: [ ObjectId("6726d9014c1f1785b3cc1e91") ], [[32mSymbol(mongoose#trustedSymbol)[39m]: [33mtrue[39m }}, { skip: [90mundefined[39m, limit: [90mundefined[39m, perDocumentLimit: [90mundefined[39m })
[0;36mMongoose:[0m books.find({ _id: ObjectId("6726d8594c1f1785b3cc1e89") }, {})
[0;36mMongoose:[0m years.find({ _id: { [32m'$in'[39m: [ ObjectId("6726d9924c1f1785b3cc1e97") ], [[32mSymbol(mongoose#trustedSymbol)[39m]: [33mtrue[39m }}, { skip: [90mundefined[39m, limit: [90mundefined[39m, perDocumentLimit: [90mundefined[39m })
[0;36mMongoose:[0m genres.find({ _id: { [32m'$in'[39m: [ ObjectId("6726d9414c1f1785b3cc1e94"), ObjectId("6728a77bbe36e4bfcfbfdac7") ], [[32mSymbol(mongoose#trustedSymbol)[39m]: [33mtrue[39m }}, { skip: [90mundefined[39m, limit: [90mundefined[39m, perDocumentLimit: [90mundefined[39m })
[0;36mMongoose:[0m authors.find({ _id: { [32m'$in'[39m: [ ObjectId("6726d9014c1f1785b3cc1e91") ], [[32mSymbol(mongoose#trustedSymbol)[39m]: [33mtrue[39m }}, { skip: [90mundefined[39m, limit: [90mundefined[39m, perDocumentLimit: [90mundefined[39m })
[0;36mMongoose:[0m books.find({ _id: ObjectId("6726d8594c1f1785b3cc1e89") }, {})
[0;36mMongoose:[0m books.find({ _id: ObjectId("6726d8594c1f1785b3cc1e89") }, {})
[0;36mMongoose:[0m years.find({ _id: { [32m'$in'[39m: [ ObjectId("6726d9924c1f1785b3cc1e97") ], [[32mSymbol(mongoose#trustedSymbol)[39m]: [33mtrue[39m }}, { skip: [90mundefined[39m, limit: [90mundefined[39m, perDocumentLimit: [90mundefined[39m })
[0;36mMongoose:[0m genres.find({ _id: { [32m'$in'[39m: [ ObjectId("6726d9414c1f1785b3cc1e94"), ObjectId("6728a77bbe36e4bfcfbfdac7") ], [[32mSymbol(mongoose#trustedSymbol)[39m]: [33mtrue[39m }}, { skip: [90mundefined[39m, limit: [90mundefined[39m, perDocumentLimit: [90mundefined[39m })
[0;36mMongoose:[0m authors.find({ _id: { [32m'$in'[39m: [ ObjectId("6726d9014c1f1785b3cc1e91") ], [[32mSymbol(mongoose#trustedSymbol)[39m]: [33mtrue[39m }}, { skip: [90mundefined[39m, limit: [90mundefined[39m, perDocumentLimit: [90mundefined[39m })
[0;36mMongoose:[0m books.find({ _id: ObjectId("6726d8594c1f1785b3cc1e89") }, {})
[0;36mMongoose:[0m years.find({ _id: { [32m'$in'[39m: [ ObjectId("6726d9924c1f1785b3cc1e97") ], [[32mSymbol(mongoose#trustedSymbol)[39m]: [33mtrue[39m }}, { skip: [90mundefined[39m, limit: [90mundefined[39m, perDocumentLimit: [90mundefined[39m })
[0;36mMongoose:[0m genres.find({ _id: { [32m'$in'[39m: [ ObjectId("6726d9414c1f1785b3cc1e94"), ObjectId("6728a77bbe36e4bfcfbfdac7") ], [[32mSymbol(mongoose#trustedSymbol)[39m]: [33mtrue[39m }}, { skip: [90mundefined[39m, limit: [90mundefined[39m, perDocumentLimit: [90mundefined[39m })
[0;36mMongoose:[0m authors.find({ _id: { [32m'$in'[39m: [ ObjectId("6726d9014c1f1785b3cc1e91") ], [[32mSymbol(mongoose#trustedSymbol)[39m]: [33mtrue[39m }}, { skip: [90mundefined[39m, limit: [90mundefined[39m, perDocumentLimit: [90mundefined[39m })
[0;36mMongoose:[0m years.find({ _id: { [32m'$in'[39m: [ ObjectId("6726d9924c1f1785b3cc1e97") ], [[32mSymbol(mongoose#trustedSymbol)[39m]: [33mtrue[39m }}, { skip: [90mundefined[39m, limit: [90mundefined[39m, perDocumentLimit: [90mundefined[39m })
[0;36mMongoose:[0m genres.find({ _id: { [32m'$in'[39m: [ ObjectId("6726d9414c1f1785b3cc1e94"), ObjectId("6728a77bbe36e4bfcfbfdac7") ], [[32mSymbol(mongoose#trustedSymbol)[39m]: [33mtrue[39m }}, { skip: [90mundefined[39m, limit: [90mundefined[39m, perDocumentLimit: [90mundefined[39m })
[0;36mMongoose:[0m authors.find({ _id: { [32m'$in'[39m: [ ObjectId("6726d9014c1f1785b3cc1e91") ], [[32mSymbol(mongoose#trustedSymbol)[39m]: [33mtrue[39m }}, { skip: [90mundefined[39m, limit: [90mundefined[39m, perDocumentLimit: [90mundefined[39m })

> server@1.0.0 start:proto
> cross-env STATIC=../proto/public npm run start


> server@1.0.0 start
> npm run build && npm run start:node


> server@1.0.0 build
> npx etsc

Using default config
Built in: 77.877ms

> server@1.0.0 start:node
> node dist/index.js

Connecting to MongoDB at mongodb+srv://shayan:<password>@bookboard.sdcsj.mongodb.net/BookBoardDB
Server running at http://localhost:3000
Connected to MongoDB at BookBoardDB
[0;36mMongoose:[0m books.find({ _id: ObjectId("6726d8594c1f1785b3cc1e89") }, {})
[0;36mMongoose:[0m years.find({ _id: { [32m'$in'[39m: [ ObjectId("6726d9924c1f1785b3cc1e97") ], [[32mSymbol(mongoose#trustedSymbol)[39m]: [33mtrue[39m }}, { skip: [90mundefined[39m, limit: [90mundefined[39m, perDocumentLimit: [90mundefined[39m, projection: { year: [33m1[39m }})
[0;36mMongoose:[0m genres.find({ _id: { [32m'$in'[39m: [ ObjectId("6726d9414c1f1785b3cc1e94"), ObjectId("6728a77bbe36e4bfcfbfdac7") ], [[32mSymbol(mongoose#trustedSymbol)[39m]: [33mtrue[39m }}, { skip: [90mundefined[39m, limit: [90mundefined[39m, perDocumentLimit: [90mundefined[39m, projection: { name: [33m1[39m }})
[0;36mMongoose:[0m authors.find({ _id: { [32m'$in'[39m: [ ObjectId("6726d9014c1f1785b3cc1e91") ], [[32mSymbol(mongoose#trustedSymbol)[39m]: [33mtrue[39m }}, { skip: [90mundefined[39m, limit: [90mundefined[39m, perDocumentLimit: [90mundefined[39m, projection: { name: [33m1[39m }})
[0;36mMongoose:[0m books.find({ _id: ObjectId("6726d8594c1f1785b3cc1e89") }, {})
[0;36mMongoose:[0m books.find({ _id: ObjectId("6726d8594c1f1785b3cc1e89") }, {})
[0;36mMongoose:[0m years.find({ _id: { [32m'$in'[39m: [ ObjectId("6726d9924c1f1785b3cc1e97") ], [[32mSymbol(mongoose#trustedSymbol)[39m]: [33mtrue[39m }}, { skip: [90mundefined[39m, limit: [90mundefined[39m, perDocumentLimit: [90mundefined[39m, projection: { year: [33m1[39m }})
[0;36mMongoose:[0m genres.find({ _id: { [32m'$in'[39m: [ ObjectId("6726d9414c1f1785b3cc1e94"), ObjectId("6728a77bbe36e4bfcfbfdac7") ], [[32mSymbol(mongoose#trustedSymbol)[39m]: [33mtrue[39m }}, { skip: [90mundefined[39m, limit: [90mundefined[39m, perDocumentLimit: [90mundefined[39m, projection: { name: [33m1[39m }})
[0;36mMongoose:[0m authors.find({ _id: { [32m'$in'[39m: [ ObjectId("6726d9014c1f1785b3cc1e91") ], [[32mSymbol(mongoose#trustedSymbol)[39m]: [33mtrue[39m }}, { skip: [90mundefined[39m, limit: [90mundefined[39m, perDocumentLimit: [90mundefined[39m, projection: { name: [33m1[39m }})
[0;36mMongoose:[0m years.find({ _id: { [32m'$in'[39m: [ ObjectId("6726d9924c1f1785b3cc1e97") ], [[32mSymbol(mongoose#trustedSymbol)[39m]: [33mtrue[39m }}, { skip: [90mundefined[39m, limit: [90mundefined[39m, perDocumentLimit: [90mundefined[39m, projection: { year: [33m1[39m }})
[0;36mMongoose:[0m genres.find({ _id: { [32m'$in'[39m: [ ObjectId("6726d9414c1f1785b3cc1e94"), ObjectId("6728a77bbe36e4bfcfbfdac7") ], [[32mSymbol(mongoose#trustedSymbol)[39m]: [33mtrue[39m }}, { skip: [90mundefined[39m, limit: [90mundefined[39m, perDocumentLimit: [90mundefined[39m, projection: { name: [33m1[39m }})
[0;36mMongoose:[0m authors.find({ _id: { [32m'$in'[39m: [ ObjectId("6726d9014c1f1785b3cc1e91") ], [[32mSymbol(mongoose#trustedSymbol)[39m]: [33mtrue[39m }}, { skip: [90mundefined[39m, limit: [90mundefined[39m, perDocumentLimit: [90mundefined[39m, projection: { name: [33m1[39m }})
[0;36mMongoose:[0m books.find({ _id: ObjectId("6726d8594c1f1785b3cc1e89") }, {})
[0;36mMongoose:[0m years.find({ _id: { [32m'$in'[39m: [ ObjectId("6726d9924c1f1785b3cc1e97") ], [[32mSymbol(mongoose#trustedSymbol)[39m]: [33mtrue[39m }}, { skip: [90mundefined[39m, limit: [90mundefined[39m, perDocumentLimit: [90mundefined[39m, projection: { year: [33m1[39m }})
[0;36mMongoose:[0m genres.find({ _id: { [32m'$in'[39m: [ ObjectId("6726d9414c1f1785b3cc1e94"), ObjectId("6728a77bbe36e4bfcfbfdac7") ], [[32mSymbol(mongoose#trustedSymbol)[39m]: [33mtrue[39m }}, { skip: [90mundefined[39m, limit: [90mundefined[39m, perDocumentLimit: [90mundefined[39m, projection: { name: [33m1[39m }})
[0;36mMongoose:[0m authors.find({ _id: { [32m'$in'[39m: [ ObjectId("6726d9014c1f1785b3cc1e91") ], [[32mSymbol(mongoose#trustedSymbol)[39m]: [33mtrue[39m }}, { skip: [90mundefined[39m, limit: [90mundefined[39m, perDocumentLimit: [90mundefined[39m, projection: { name: [33m1[39m }})
[0;36mMongoose:[0m authors.find({ _id: ObjectId("6726d9014c1f1785b3cc1e91") }, {})
[0;36mMongoose:[0m years.find({ _id: { [32m'$in'[39m: [ ObjectId("6726d9924c1f1785b3cc1e97") ], [[32mSymbol(mongoose#trustedSymbol)[39m]: [33mtrue[39m }}, { skip: [90mundefined[39m, limit: [90mundefined[39m, perDocumentLimit: [90mundefined[39m, projection: { year: [33m1[39m }})
[0;36mMongoose:[0m genres.find({ _id: { [32m'$in'[39m: [ ObjectId("6726d9414c1f1785b3cc1e94") ], [[32mSymbol(mongoose#trustedSymbol)[39m]: [33mtrue[39m }}, { skip: [90mundefined[39m, limit: [90mundefined[39m, perDocumentLimit: [90mundefined[39m, projection: { name: [33m1[39m }})
[0;36mMongoose:[0m books.find({ _id: { [32m'$in'[39m: [ ObjectId("6726d8594c1f1785b3cc1e89") ], [[32mSymbol(mongoose#trustedSymbol)[39m]: [33mtrue[39m }}, { skip: [90mundefined[39m, limit: [90mundefined[39m, perDocumentLimit: [90mundefined[39m, projection: { title: [33m1[39m }})
[0;36mMongoose:[0m authors.find({ _id: ObjectId("6726d9014c1f1785b3cc1e91") }, {})
[0;36mMongoose:[0m authors.find({ _id: ObjectId("6726d9014c1f1785b3cc1e91") }, {})
[0;36mMongoose:[0m authors.find({ _id: ObjectId("6726d9014c1f1785b3cc1e91") }, {})
[0;36mMongoose:[0m years.find({ _id: { [32m'$in'[39m: [ ObjectId("6726d9924c1f1785b3cc1e97") ], [[32mSymbol(mongoose#trustedSymbol)[39m]: [33mtrue[39m }}, { skip: [90mundefined[39m, limit: [90mundefined[39m, perDocumentLimit: [90mundefined[39m, projection: { year: [33m1[39m }})
[0;36mMongoose:[0m genres.find({ _id: { [32m'$in'[39m: [ ObjectId("6726d9414c1f1785b3cc1e94") ], [[32mSymbol(mongoose#trustedSymbol)[39m]: [33mtrue[39m }}, { skip: [90mundefined[39m, limit: [90mundefined[39m, perDocumentLimit: [90mundefined[39m, projection: { name: [33m1[39m }})
[0;36mMongoose:[0m books.find({ _id: { [32m'$in'[39m: [ ObjectId("6726d8594c1f1785b3cc1e89") ], [[32mSymbol(mongoose#trustedSymbol)[39m]: [33mtrue[39m }}, { skip: [90mundefined[39m, limit: [90mundefined[39m, perDocumentLimit: [90mundefined[39m, projection: { title: [33m1[39m }})
[0;36mMongoose:[0m years.find({ _id: { [32m'$in'[39m: [ ObjectId("6726d9924c1f1785b3cc1e97") ], [[32mSymbol(mongoose#trustedSymbol)[39m]: [33mtrue[39m }}, { skip: [90mundefined[39m, limit: [90mundefined[39m, perDocumentLimit: [90mundefined[39m, projection: { year: [33m1[39m }})
[0;36mMongoose:[0m genres.find({ _id: { [32m'$in'[39m: [ ObjectId("6726d9414c1f1785b3cc1e94") ], [[32mSymbol(mongoose#trustedSymbol)[39m]: [33mtrue[39m }}, { skip: [90mundefined[39m, limit: [90mundefined[39m, perDocumentLimit: [90mundefined[39m, projection: { name: [33m1[39m }})
[0;36mMongoose:[0m books.find({ _id: { [32m'$in'[39m: [ ObjectId("6726d8594c1f1785b3cc1e89") ], [[32mSymbol(mongoose#trustedSymbol)[39m]: [33mtrue[39m }}, { skip: [90mundefined[39m, limit: [90mundefined[39m, perDocumentLimit: [90mundefined[39m, projection: { title: [33m1[39m }})
[0;36mMongoose:[0m years.find({ _id: { [32m'$in'[39m: [ ObjectId("6726d9924c1f1785b3cc1e97") ], [[32mSymbol(mongoose#trustedSymbol)[39m]: [33mtrue[39m }}, { skip: [90mundefined[39m, limit: [90mundefined[39m, perDocumentLimit: [90mundefined[39m, projection: { year: [33m1[39m }})
[0;36mMongoose:[0m genres.find({ _id: { [32m'$in'[39m: [ ObjectId("6726d9414c1f1785b3cc1e94") ], [[32mSymbol(mongoose#trustedSymbol)[39m]: [33mtrue[39m }}, { skip: [90mundefined[39m, limit: [90mundefined[39m, perDocumentLimit: [90mundefined[39m, projection: { name: [33m1[39m }})
[0;36mMongoose:[0m books.find({ _id: { [32m'$in'[39m: [ ObjectId("6726d8594c1f1785b3cc1e89") ], [[32mSymbol(mongoose#trustedSymbol)[39m]: [33mtrue[39m }}, { skip: [90mundefined[39m, limit: [90mundefined[39m, perDocumentLimit: [90mundefined[39m, projection: { title: [33m1[39m }})
[0;36mMongoose:[0m books.find({ _id: ObjectId("6726d8594c1f1785b3cc1e89") }, {})
[0;36mMongoose:[0m years.find({ _id: { [32m'$in'[39m: [ ObjectId("6726d9924c1f1785b3cc1e97") ], [[32mSymbol(mongoose#trustedSymbol)[39m]: [33mtrue[39m }}, { skip: [90mundefined[39m, limit: [90mundefined[39m, perDocumentLimit: [90mundefined[39m, projection: { year: [33m1[39m }})
[0;36mMongoose:[0m genres.find({ _id: { [32m'$in'[39m: [ ObjectId("6726d9414c1f1785b3cc1e94"), ObjectId("6728a77bbe36e4bfcfbfdac7") ], [[32mSymbol(mongoose#trustedSymbol)[39m]: [33mtrue[39m }}, { skip: [90mundefined[39m, limit: [90mundefined[39m, perDocumentLimit: [90mundefined[39m, projection: { name: [33m1[39m }})
[0;36mMongoose:[0m authors.find({ _id: { [32m'$in'[39m: [ ObjectId("6726d9014c1f1785b3cc1e91") ], [[32mSymbol(mongoose#trustedSymbol)[39m]: [33mtrue[39m }}, { skip: [90mundefined[39m, limit: [90mundefined[39m, perDocumentLimit: [90mundefined[39m, projection: { name: [33m1[39m }})
[0;36mMongoose:[0m books.find({ _id: ObjectId("6726d8594c1f1785b3cc1e89") }, {})
[0;36mMongoose:[0m years.find({ _id: { [32m'$in'[39m: [ ObjectId("6726d9924c1f1785b3cc1e97") ], [[32mSymbol(mongoose#trustedSymbol)[39m]: [33mtrue[39m }}, { skip: [90mundefined[39m, limit: [90mundefined[39m, perDocumentLimit: [90mundefined[39m, projection: { year: [33m1[39m }})
[0;36mMongoose:[0m genres.find({ _id: { [32m'$in'[39m: [ ObjectId("6726d9414c1f1785b3cc1e94"), ObjectId("6728a77bbe36e4bfcfbfdac7") ], [[32mSymbol(mongoose#trustedSymbol)[39m]: [33mtrue[39m }}, { skip: [90mundefined[39m, limit: [90mundefined[39m, perDocumentLimit: [90mundefined[39m, projection: { name: [33m1[39m }})
[0;36mMongoose:[0m authors.find({ _id: { [32m'$in'[39m: [ ObjectId("6726d9014c1f1785b3cc1e91") ], [[32mSymbol(mongoose#trustedSymbol)[39m]: [33mtrue[39m }}, { skip: [90mundefined[39m, limit: [90mundefined[39m, perDocumentLimit: [90mundefined[39m, projection: { name: [33m1[39m }})
[0;36mMongoose:[0m books.find({ _id: ObjectId("6726d8594c1f1785b3cc1e89") }, {})
[0;36mMongoose:[0m years.find({ _id: { [32m'$in'[39m: [ ObjectId("6726d9924c1f1785b3cc1e97") ], [[32mSymbol(mongoose#trustedSymbol)[39m]: [33mtrue[39m }}, { skip: [90mundefined[39m, limit: [90mundefined[39m, perDocumentLimit: [90mundefined[39m, projection: { year: [33m1[39m }})
[0;36mMongoose:[0m genres.find({ _id: { [32m'$in'[39m: [ ObjectId("6726d9414c1f1785b3cc1e94"), ObjectId("6728a77bbe36e4bfcfbfdac7") ], [[32mSymbol(mongoose#trustedSymbol)[39m]: [33mtrue[39m }}, { skip: [90mundefined[39m, limit: [90mundefined[39m, perDocumentLimit: [90mundefined[39m, projection: { name: [33m1[39m }})
[0;36mMongoose:[0m authors.find({ _id: { [32m'$in'[39m: [ ObjectId("6726d9014c1f1785b3cc1e91") ], [[32mSymbol(mongoose#trustedSymbol)[39m]: [33mtrue[39m }}, { skip: [90mundefined[39m, limit: [90mundefined[39m, perDocumentLimit: [90mundefined[39m, projection: { name: [33m1[39m }})
[0;36mMongoose:[0m books.find({ _id: ObjectId("6726d8594c1f1785b3cc1e89") }, {})
[0;36mMongoose:[0m years.find({ _id: { [32m'$in'[39m: [ ObjectId("6726d9924c1f1785b3cc1e97") ], [[32mSymbol(mongoose#trustedSymbol)[39m]: [33mtrue[39m }}, { skip: [90mundefined[39m, limit: [90mundefined[39m, perDocumentLimit: [90mundefined[39m, projection: { year: [33m1[39m }})
[0;36mMongoose:[0m genres.find({ _id: { [32m'$in'[39m: [ ObjectId("6726d9414c1f1785b3cc1e94"), ObjectId("6728a77bbe36e4bfcfbfdac7") ], [[32mSymbol(mongoose#trustedSymbol)[39m]: [33mtrue[39m }}, { skip: [90mundefined[39m, limit: [90mundefined[39m, perDocumentLimit: [90mundefined[39m, projection: { name: [33m1[39m }})
[0;36mMongoose:[0m authors.find({ _id: { [32m'$in'[39m: [ ObjectId("6726d9014c1f1785b3cc1e91") ], [[32mSymbol(mongoose#trustedSymbol)[39m]: [33mtrue[39m }}, { skip: [90mundefined[39m, limit: [90mundefined[39m, perDocumentLimit: [90mundefined[39m, projection: { name: [33m1[39m }})
[0;36mMongoose:[0m years.find({ _id: ObjectId("6726d9924c1f1785b3cc1e97") }, {})
[0;36mMongoose:[0m books.find({ _id: { [32m'$in'[39m: [ ObjectId("6726d8594c1f1785b3cc1e89") ], [[32mSymbol(mongoose#trustedSymbol)[39m]: [33mtrue[39m }}, { skip: [90mundefined[39m, limit: [90mundefined[39m, perDocumentLimit: [90mundefined[39m, projection: { title: [33m1[39m }})
[0;36mMongoose:[0m authors.find({ _id: { [32m'$in'[39m: [ ObjectId("6726d9014c1f1785b3cc1e91") ], [[32mSymbol(mongoose#trustedSymbol)[39m]: [33mtrue[39m }}, { skip: [90mundefined[39m, limit: [90mundefined[39m, perDocumentLimit: [90mundefined[39m, projection: { name: [33m1[39m }})
[0;36mMongoose:[0m genres.find({ _id: { [32m'$in'[39m: [ ObjectId("6726d9414c1f1785b3cc1e94") ], [[32mSymbol(mongoose#trustedSymbol)[39m]: [33mtrue[39m }}, { skip: [90mundefined[39m, limit: [90mundefined[39m, perDocumentLimit: [90mundefined[39m, projection: { name: [33m1[39m }})
[0;36mMongoose:[0m years.find({ _id: ObjectId("6726d9924c1f1785b3cc1e97") }, {})
[0;36mMongoose:[0m books.find({ _id: { [32m'$in'[39m: [ ObjectId("6726d8594c1f1785b3cc1e89") ], [[32mSymbol(mongoose#trustedSymbol)[39m]: [33mtrue[39m }}, { skip: [90mundefined[39m, limit: [90mundefined[39m, perDocumentLimit: [90mundefined[39m, projection: { title: [33m1[39m }})
[0;36mMongoose:[0m authors.find({ _id: { [32m'$in'[39m: [ ObjectId("6726d9014c1f1785b3cc1e91") ], [[32mSymbol(mongoose#trustedSymbol)[39m]: [33mtrue[39m }}, { skip: [90mundefined[39m, limit: [90mundefined[39m, perDocumentLimit: [90mundefined[39m, projection: { name: [33m1[39m }})
[0;36mMongoose:[0m genres.find({ _id: { [32m'$in'[39m: [ ObjectId("6726d9414c1f1785b3cc1e94") ], [[32mSymbol(mongoose#trustedSymbol)[39m]: [33mtrue[39m }}, { skip: [90mundefined[39m, limit: [90mundefined[39m, perDocumentLimit: [90mundefined[39m, projection: { name: [33m1[39m }})
[0;36mMongoose:[0m years.find({ _id: ObjectId("6726d9924c1f1785b3cc1e97") }, {})
[0;36mMongoose:[0m books.find({ _id: { [32m'$in'[39m: [ ObjectId("6726d8594c1f1785b3cc1e89") ], [[32mSymbol(mongoose#trustedSymbol)[39m]: [33mtrue[39m }}, { skip: [90mundefined[39m, limit: [90mundefined[39m, perDocumentLimit: [90mundefined[39m, projection: { title: [33m1[39m }})
[0;36mMongoose:[0m authors.find({ _id: { [32m'$in'[39m: [ ObjectId("6726d9014c1f1785b3cc1e91") ], [[32mSymbol(mongoose#trustedSymbol)[39m]: [33mtrue[39m }}, { skip: [90mundefined[39m, limit: [90mundefined[39m, perDocumentLimit: [90mundefined[39m, projection: { name: [33m1[39m }})
[0;36mMongoose:[0m genres.find({ _id: { [32m'$in'[39m: [ ObjectId("6726d9414c1f1785b3cc1e94") ], [[32mSymbol(mongoose#trustedSymbol)[39m]: [33mtrue[39m }}, { skip: [90mundefined[39m, limit: [90mundefined[39m, perDocumentLimit: [90mundefined[39m, projection: { name: [33m1[39m }})
[0;36mMongoose:[0m years.find({ _id: ObjectId("6726d9924c1f1785b3cc1e97") }, {})
[0;36mMongoose:[0m books.find({ _id: { [32m'$in'[39m: [ ObjectId("6726d8594c1f1785b3cc1e89") ], [[32mSymbol(mongoose#trustedSymbol)[39m]: [33mtrue[39m }}, { skip: [90mundefined[39m, limit: [90mundefined[39m, perDocumentLimit: [90mundefined[39m, projection: { title: [33m1[39m }})
[0;36mMongoose:[0m authors.find({ _id: { [32m'$in'[39m: [ ObjectId("6726d9014c1f1785b3cc1e91") ], [[32mSymbol(mongoose#trustedSymbol)[39m]: [33mtrue[39m }}, { skip: [90mundefined[39m, limit: [90mundefined[39m, perDocumentLimit: [90mundefined[39m, projection: { name: [33m1[39m }})
[0;36mMongoose:[0m genres.find({ _id: { [32m'$in'[39m: [ ObjectId("6726d9414c1f1785b3cc1e94") ], [[32mSymbol(mongoose#trustedSymbol)[39m]: [33mtrue[39m }}, { skip: [90mundefined[39m, limit: [90mundefined[39m, perDocumentLimit: [90mundefined[39m, projection: { name: [33m1[39m }})
[0;36mMongoose:[0m authors.find({ _id: ObjectId("6726d9014c1f1785b3cc1e91") }, {})
[0;36mMongoose:[0m years.find({ _id: { [32m'$in'[39m: [ ObjectId("6726d9924c1f1785b3cc1e97") ], [[32mSymbol(mongoose#trustedSymbol)[39m]: [33mtrue[39m }}, { skip: [90mundefined[39m, limit: [90mundefined[39m, perDocumentLimit: [90mundefined[39m, projection: { year: [33m1[39m }})
[0;36mMongoose:[0m genres.find({ _id: { [32m'$in'[39m: [ ObjectId("6726d9414c1f1785b3cc1e94") ], [[32mSymbol(mongoose#trustedSymbol)[39m]: [33mtrue[39m }}, { skip: [90mundefined[39m, limit: [90mundefined[39m, perDocumentLimit: [90mundefined[39m, projection: { name: [33m1[39m }})
[0;36mMongoose:[0m books.find({ _id: { [32m'$in'[39m: [ ObjectId("6726d8594c1f1785b3cc1e89") ], [[32mSymbol(mongoose#trustedSymbol)[39m]: [33mtrue[39m }}, { skip: [90mundefined[39m, limit: [90mundefined[39m, perDocumentLimit: [90mundefined[39m, projection: { title: [33m1[39m }})
[0;36mMongoose:[0m authors.find({ _id: ObjectId("6726d9014c1f1785b3cc1e91") }, {})
[0;36mMongoose:[0m years.find({ _id: { [32m'$in'[39m: [ ObjectId("6726d9924c1f1785b3cc1e97") ], [[32mSymbol(mongoose#trustedSymbol)[39m]: [33mtrue[39m }}, { skip: [90mundefined[39m, limit: [90mundefined[39m, perDocumentLimit: [90mundefined[39m, projection: { year: [33m1[39m }})
[0;36mMongoose:[0m genres.find({ _id: { [32m'$in'[39m: [ ObjectId("6726d9414c1f1785b3cc1e94") ], [[32mSymbol(mongoose#trustedSymbol)[39m]: [33mtrue[39m }}, { skip: [90mundefined[39m, limit: [90mundefined[39m, perDocumentLimit: [90mundefined[39m, projection: { name: [33m1[39m }})
[0;36mMongoose:[0m books.find({ _id: { [32m'$in'[39m: [ ObjectId("6726d8594c1f1785b3cc1e89") ], [[32mSymbol(mongoose#trustedSymbol)[39m]: [33mtrue[39m }}, { skip: [90mundefined[39m, limit: [90mundefined[39m, perDocumentLimit: [90mundefined[39m, projection: { title: [33m1[39m }})
[0;36mMongoose:[0m authors.find({ _id: ObjectId("6726d9014c1f1785b3cc1e91") }, {})
[0;36mMongoose:[0m years.find({ _id: { [32m'$in'[39m: [ ObjectId("6726d9924c1f1785b3cc1e97") ], [[32mSymbol(mongoose#trustedSymbol)[39m]: [33mtrue[39m }}, { skip: [90mundefined[39m, limit: [90mundefined[39m, perDocumentLimit: [90mundefined[39m, projection: { year: [33m1[39m }})
[0;36mMongoose:[0m genres.find({ _id: { [32m'$in'[39m: [ ObjectId("6726d9414c1f1785b3cc1e94") ], [[32mSymbol(mongoose#trustedSymbol)[39m]: [33mtrue[39m }}, { skip: [90mundefined[39m, limit: [90mundefined[39m, perDocumentLimit: [90mundefined[39m, projection: { name: [33m1[39m }})
[0;36mMongoose:[0m books.find({ _id: { [32m'$in'[39m: [ ObjectId("6726d8594c1f1785b3cc1e89") ], [[32mSymbol(mongoose#trustedSymbol)[39m]: [33mtrue[39m }}, { skip: [90mundefined[39m, limit: [90mundefined[39m, perDocumentLimit: [90mundefined[39m, projection: { title: [33m1[39m }})
[0;36mMongoose:[0m authors.find({ _id: ObjectId("6726d9014c1f1785b3cc1e91") }, {})
[0;36mMongoose:[0m years.find({ _id: { [32m'$in'[39m: [ ObjectId("6726d9924c1f1785b3cc1e97") ], [[32mSymbol(mongoose#trustedSymbol)[39m]: [33mtrue[39m }}, { skip: [90mundefined[39m, limit: [90mundefined[39m, perDocumentLimit: [90mundefined[39m, projection: { year: [33m1[39m }})
[0;36mMongoose:[0m genres.find({ _id: { [32m'$in'[39m: [ ObjectId("6726d9414c1f1785b3cc1e94") ], [[32mSymbol(mongoose#trustedSymbol)[39m]: [33mtrue[39m }}, { skip: [90mundefined[39m, limit: [90mundefined[39m, perDocumentLimit: [90mundefined[39m, projection: { name: [33m1[39m }})
[0;36mMongoose:[0m books.find({ _id: { [32m'$in'[39m: [ ObjectId("6726d8594c1f1785b3cc1e89") ], [[32mSymbol(mongoose#trustedSymbol)[39m]: [33mtrue[39m }}, { skip: [90mundefined[39m, limit: [90mundefined[39m, perDocumentLimit: [90mundefined[39m, projection: { title: [33m1[39m }})
[0;36mMongoose:[0m books.find({ _id: ObjectId("6726d8594c1f1785b3cc1e89") }, {})
[0;36mMongoose:[0m years.find({ _id: { [32m'$in'[39m: [ ObjectId("6726d9924c1f1785b3cc1e97") ], [[32mSymbol(mongoose#trustedSymbol)[39m]: [33mtrue[39m }}, { skip: [90mundefined[39m, limit: [90mundefined[39m, perDocumentLimit: [90mundefined[39m, projection: { year: [33m1[39m }})
[0;36mMongoose:[0m genres.find({ _id: { [32m'$in'[39m: [ ObjectId("6726d9414c1f1785b3cc1e94"), ObjectId("6728a77bbe36e4bfcfbfdac7") ], [[32mSymbol(mongoose#trustedSymbol)[39m]: [33mtrue[39m }}, { skip: [90mundefined[39m, limit: [90mundefined[39m, perDocumentLimit: [90mundefined[39m, projection: { name: [33m1[39m }})
[0;36mMongoose:[0m authors.find({ _id: { [32m'$in'[39m: [ ObjectId("6726d9014c1f1785b3cc1e91") ], [[32mSymbol(mongoose#trustedSymbol)[39m]: [33mtrue[39m }}, { skip: [90mundefined[39m, limit: [90mundefined[39m, perDocumentLimit: [90mundefined[39m, projection: { name: [33m1[39m }})
[0;36mMongoose:[0m books.find({ _id: ObjectId("6726d8594c1f1785b3cc1e89") }, {})
[0;36mMongoose:[0m years.find({ _id: { [32m'$in'[39m: [ ObjectId("6726d9924c1f1785b3cc1e97") ], [[32mSymbol(mongoose#trustedSymbol)[39m]: [33mtrue[39m }}, { skip: [90mundefined[39m, limit: [90mundefined[39m, perDocumentLimit: [90mundefined[39m, projection: { year: [33m1[39m }})
[0;36mMongoose:[0m genres.find({ _id: { [32m'$in'[39m: [ ObjectId("6726d9414c1f1785b3cc1e94"), ObjectId("6728a77bbe36e4bfcfbfdac7") ], [[32mSymbol(mongoose#trustedSymbol)[39m]: [33mtrue[39m }}, { skip: [90mundefined[39m, limit: [90mundefined[39m, perDocumentLimit: [90mundefined[39m, projection: { name: [33m1[39m }})
[0;36mMongoose:[0m authors.find({ _id: { [32m'$in'[39m: [ ObjectId("6726d9014c1f1785b3cc1e91") ], [[32mSymbol(mongoose#trustedSymbol)[39m]: [33mtrue[39m }}, { skip: [90mundefined[39m, limit: [90mundefined[39m, perDocumentLimit: [90mundefined[39m, projection: { name: [33m1[39m }})
[0;36mMongoose:[0m books.find({ _id: ObjectId("6726d8594c1f1785b3cc1e89") }, {})
[0;36mMongoose:[0m years.find({ _id: { [32m'$in'[39m: [ ObjectId("6726d9924c1f1785b3cc1e97") ], [[32mSymbol(mongoose#trustedSymbol)[39m]: [33mtrue[39m }}, { skip: [90mundefined[39m, limit: [90mundefined[39m, perDocumentLimit: [90mundefined[39m, projection: { year: [33m1[39m }})
[0;36mMongoose:[0m genres.find({ _id: { [32m'$in'[39m: [ ObjectId("6726d9414c1f1785b3cc1e94"), ObjectId("6728a77bbe36e4bfcfbfdac7") ], [[32mSymbol(mongoose#trustedSymbol)[39m]: [33mtrue[39m }}, { skip: [90mundefined[39m, limit: [90mundefined[39m, perDocumentLimit: [90mundefined[39m, projection: { name: [33m1[39m }})
[0;36mMongoose:[0m authors.find({ _id: { [32m'$in'[39m: [ ObjectId("6726d9014c1f1785b3cc1e91") ], [[32mSymbol(mongoose#trustedSymbol)[39m]: [33mtrue[39m }}, { skip: [90mundefined[39m, limit: [90mundefined[39m, perDocumentLimit: [90mundefined[39m, projection: { name: [33m1[39m }})
[0;36mMongoose:[0m books.find({ _id: ObjectId("6726d8594c1f1785b3cc1e89") }, {})
[0;36mMongoose:[0m years.find({ _id: { [32m'$in'[39m: [ ObjectId("6726d9924c1f1785b3cc1e97") ], [[32mSymbol(mongoose#trustedSymbol)[39m]: [33mtrue[39m }}, { skip: [90mundefined[39m, limit: [90mundefined[39m, perDocumentLimit: [90mundefined[39m, projection: { year: [33m1[39m }})
[0;36mMongoose:[0m genres.find({ _id: { [32m'$in'[39m: [ ObjectId("6726d9414c1f1785b3cc1e94"), ObjectId("6728a77bbe36e4bfcfbfdac7") ], [[32mSymbol(mongoose#trustedSymbol)[39m]: [33mtrue[39m }}, { skip: [90mundefined[39m, limit: [90mundefined[39m, perDocumentLimit: [90mundefined[39m, projection: { name: [33m1[39m }})
[0;36mMongoose:[0m authors.find({ _id: { [32m'$in'[39m: [ ObjectId("6726d9014c1f1785b3cc1e91") ], [[32mSymbol(mongoose#trustedSymbol)[39m]: [33mtrue[39m }}, { skip: [90mundefined[39m, limit: [90mundefined[39m, perDocumentLimit: [90mundefined[39m, projection: { name: [33m1[39m }})
[0;36mMongoose:[0m books.find({ _id: ObjectId("6726d8594c1f1785b3cc1e89") }, {})
[0;36mMongoose:[0m years.find({ _id: { [32m'$in'[39m: [ ObjectId("6726d9924c1f1785b3cc1e97") ], [[32mSymbol(mongoose#trustedSymbol)[39m]: [33mtrue[39m }}, { skip: [90mundefined[39m, limit: [90mundefined[39m, perDocumentLimit: [90mundefined[39m, projection: { year: [33m1[39m }})
[0;36mMongoose:[0m genres.find({ _id: { [32m'$in'[39m: [ ObjectId("6726d9414c1f1785b3cc1e94"), ObjectId("6728a77bbe36e4bfcfbfdac7") ], [[32mSymbol(mongoose#trustedSymbol)[39m]: [33mtrue[39m }}, { skip: [90mundefined[39m, limit: [90mundefined[39m, perDocumentLimit: [90mundefined[39m, projection: { name: [33m1[39m }})
[0;36mMongoose:[0m authors.find({ _id: { [32m'$in'[39m: [ ObjectId("6726d9014c1f1785b3cc1e91") ], [[32mSymbol(mongoose#trustedSymbol)[39m]: [33mtrue[39m }}, { skip: [90mundefined[39m, limit: [90mundefined[39m, perDocumentLimit: [90mundefined[39m, projection: { name: [33m1[39m }})
[0;36mMongoose:[0m books.find({ _id: ObjectId("6726d8594c1f1785b3cc1e89") }, {})
[0;36mMongoose:[0m books.find({ _id: ObjectId("6726d8594c1f1785b3cc1e89") }, {})
[0;36mMongoose:[0m years.find({ _id: { [32m'$in'[39m: [ ObjectId("6726d9924c1f1785b3cc1e97") ], [[32mSymbol(mongoose#trustedSymbol)[39m]: [33mtrue[39m }}, { skip: [90mundefined[39m, limit: [90mundefined[39m, perDocumentLimit: [90mundefined[39m, projection: { year: [33m1[39m }})
[0;36mMongoose:[0m genres.find({ _id: { [32m'$in'[39m: [ ObjectId("6726d9414c1f1785b3cc1e94"), ObjectId("6728a77bbe36e4bfcfbfdac7") ], [[32mSymbol(mongoose#trustedSymbol)[39m]: [33mtrue[39m }}, { skip: [90mundefined[39m, limit: [90mundefined[39m, perDocumentLimit: [90mundefined[39m, projection: { name: [33m1[39m }})
[0;36mMongoose:[0m authors.find({ _id: { [32m'$in'[39m: [ ObjectId("6726d9014c1f1785b3cc1e91") ], [[32mSymbol(mongoose#trustedSymbol)[39m]: [33mtrue[39m }}, { skip: [90mundefined[39m, limit: [90mundefined[39m, perDocumentLimit: [90mundefined[39m, projection: { name: [33m1[39m }})
[0;36mMongoose:[0m books.find({ _id: ObjectId("6726d8594c1f1785b3cc1e89") }, {})
[0;36mMongoose:[0m years.find({ _id: { [32m'$in'[39m: [ ObjectId("6726d9924c1f1785b3cc1e97") ], [[32mSymbol(mongoose#trustedSymbol)[39m]: [33mtrue[39m }}, { skip: [90mundefined[39m, limit: [90mundefined[39m, perDocumentLimit: [90mundefined[39m, projection: { year: [33m1[39m }})
[0;36mMongoose:[0m genres.find({ _id: { [32m'$in'[39m: [ ObjectId("6726d9414c1f1785b3cc1e94"), ObjectId("6728a77bbe36e4bfcfbfdac7") ], [[32mSymbol(mongoose#trustedSymbol)[39m]: [33mtrue[39m }}, { skip: [90mundefined[39m, limit: [90mundefined[39m, perDocumentLimit: [90mundefined[39m, projection: { name: [33m1[39m }})
[0;36mMongoose:[0m authors.find({ _id: { [32m'$in'[39m: [ ObjectId("6726d9014c1f1785b3cc1e91") ], [[32mSymbol(mongoose#trustedSymbol)[39m]: [33mtrue[39m }}, { skip: [90mundefined[39m, limit: [90mundefined[39m, perDocumentLimit: [90mundefined[39m, projection: { name: [33m1[39m }})
[0;36mMongoose:[0m years.find({ _id: { [32m'$in'[39m: [ ObjectId("6726d9924c1f1785b3cc1e97") ], [[32mSymbol(mongoose#trustedSymbol)[39m]: [33mtrue[39m }}, { skip: [90mundefined[39m, limit: [90mundefined[39m, perDocumentLimit: [90mundefined[39m, projection: { year: [33m1[39m }})
[0;36mMongoose:[0m genres.find({ _id: { [32m'$in'[39m: [ ObjectId("6726d9414c1f1785b3cc1e94"), ObjectId("6728a77bbe36e4bfcfbfdac7") ], [[32mSymbol(mongoose#trustedSymbol)[39m]: [33mtrue[39m }}, { skip: [90mundefined[39m, limit: [90mundefined[39m, perDocumentLimit: [90mundefined[39m, projection: { name: [33m1[39m }})
[0;36mMongoose:[0m authors.find({ _id: { [32m'$in'[39m: [ ObjectId("6726d9014c1f1785b3cc1e91") ], [[32mSymbol(mongoose#trustedSymbol)[39m]: [33mtrue[39m }}, { skip: [90mundefined[39m, limit: [90mundefined[39m, perDocumentLimit: [90mundefined[39m, projection: { name: [33m1[39m }})
